mode: set
github.com/ALTA-CAPSTONE-GROUP1/e-proposal-BE/feature/admin/user/usecase/logic.go:15.42,19.2 1 1
github.com/ALTA-CAPSTONE-GROUP1/e-proposal-BE/feature/admin/user/usecase/logic.go:22.50,24.16 2 1
github.com/ALTA-CAPSTONE-GROUP1/e-proposal-BE/feature/admin/user/usecase/logic.go:24.16,26.52 2 1
github.com/ALTA-CAPSTONE-GROUP1/e-proposal-BE/feature/admin/user/usecase/logic.go:26.52,29.4 2 1
github.com/ALTA-CAPSTONE-GROUP1/e-proposal-BE/feature/admin/user/usecase/logic.go:29.9,29.60 1 1
github.com/ALTA-CAPSTONE-GROUP1/e-proposal-BE/feature/admin/user/usecase/logic.go:29.60,32.4 2 1
github.com/ALTA-CAPSTONE-GROUP1/e-proposal-BE/feature/admin/user/usecase/logic.go:33.3,34.13 2 1
github.com/ALTA-CAPSTONE-GROUP1/e-proposal-BE/feature/admin/user/usecase/logic.go:36.2,36.12 1 1
github.com/ALTA-CAPSTONE-GROUP1/e-proposal-BE/feature/admin/user/usecase/logic.go:40.72,41.56 1 1
github.com/ALTA-CAPSTONE-GROUP1/e-proposal-BE/feature/admin/user/usecase/logic.go:41.56,43.56 2 1
github.com/ALTA-CAPSTONE-GROUP1/e-proposal-BE/feature/admin/user/usecase/logic.go:43.56,46.4 2 1
github.com/ALTA-CAPSTONE-GROUP1/e-proposal-BE/feature/admin/user/usecase/logic.go:46.9,46.55 1 1
github.com/ALTA-CAPSTONE-GROUP1/e-proposal-BE/feature/admin/user/usecase/logic.go:46.55,49.4 2 1
github.com/ALTA-CAPSTONE-GROUP1/e-proposal-BE/feature/admin/user/usecase/logic.go:50.3,50.13 1 1
github.com/ALTA-CAPSTONE-GROUP1/e-proposal-BE/feature/admin/user/usecase/logic.go:52.2,52.12 1 1
github.com/ALTA-CAPSTONE-GROUP1/e-proposal-BE/feature/admin/user/usecase/logic.go:56.64,58.16 2 1
github.com/ALTA-CAPSTONE-GROUP1/e-proposal-BE/feature/admin/user/usecase/logic.go:58.16,61.3 2 1
github.com/ALTA-CAPSTONE-GROUP1/e-proposal-BE/feature/admin/user/usecase/logic.go:63.2,63.20 1 1
github.com/ALTA-CAPSTONE-GROUP1/e-proposal-BE/feature/admin/user/usecase/logic.go:67.86,69.16 2 1
github.com/ALTA-CAPSTONE-GROUP1/e-proposal-BE/feature/admin/user/usecase/logic.go:69.16,72.3 2 1
github.com/ALTA-CAPSTONE-GROUP1/e-proposal-BE/feature/admin/user/usecase/logic.go:74.2,74.20 1 1
github.com/ALTA-CAPSTONE-GROUP1/e-proposal-BE/feature/admin/user/usecase/logic.go:78.60,79.49 1 1
github.com/ALTA-CAPSTONE-GROUP1/e-proposal-BE/feature/admin/user/usecase/logic.go:79.49,81.46 2 1
github.com/ALTA-CAPSTONE-GROUP1/e-proposal-BE/feature/admin/user/usecase/logic.go:81.46,83.4 1 1
github.com/ALTA-CAPSTONE-GROUP1/e-proposal-BE/feature/admin/user/usecase/logic.go:83.9,83.52 1 1
github.com/ALTA-CAPSTONE-GROUP1/e-proposal-BE/feature/admin/user/usecase/logic.go:83.52,85.4 1 1
github.com/ALTA-CAPSTONE-GROUP1/e-proposal-BE/feature/admin/user/usecase/logic.go:85.9,85.56 1 1
github.com/ALTA-CAPSTONE-GROUP1/e-proposal-BE/feature/admin/user/usecase/logic.go:85.56,87.4 1 1
github.com/ALTA-CAPSTONE-GROUP1/e-proposal-BE/feature/admin/user/usecase/logic.go:88.3,88.36 1 1
github.com/ALTA-CAPSTONE-GROUP1/e-proposal-BE/feature/admin/user/usecase/logic.go:90.2,90.12 1 1
