mode: set
github.com/ALTA-CAPSTONE-GROUP1/e-proposal-BE/feature/admin/subtype/usecase/logic.go:16.49,20.2 1 1
github.com/ALTA-CAPSTONE-GROUP1/e-proposal-BE/feature/admin/subtype/usecase/logic.go:22.70,30.59 5 1
github.com/ALTA-CAPSTONE-GROUP1/e-proposal-BE/feature/admin/subtype/usecase/logic.go:40.2,40.57 1 1
github.com/ALTA-CAPSTONE-GROUP1/e-proposal-BE/feature/admin/subtype/usecase/logic.go:58.2,58.12 1 1
github.com/ALTA-CAPSTONE-GROUP1/e-proposal-BE/feature/admin/subtype/usecase/logic.go:30.59,38.3 5 1
github.com/ALTA-CAPSTONE-GROUP1/e-proposal-BE/feature/admin/subtype/usecase/logic.go:40.57,41.66 1 1
github.com/ALTA-CAPSTONE-GROUP1/e-proposal-BE/feature/admin/subtype/usecase/logic.go:41.66,43.4 1 1
github.com/ALTA-CAPSTONE-GROUP1/e-proposal-BE/feature/admin/subtype/usecase/logic.go:43.9,43.72 1 1
github.com/ALTA-CAPSTONE-GROUP1/e-proposal-BE/feature/admin/subtype/usecase/logic.go:43.72,45.4 1 1
github.com/ALTA-CAPSTONE-GROUP1/e-proposal-BE/feature/admin/subtype/usecase/logic.go:45.9,45.95 1 1
github.com/ALTA-CAPSTONE-GROUP1/e-proposal-BE/feature/admin/subtype/usecase/logic.go:45.95,47.4 1 1
github.com/ALTA-CAPSTONE-GROUP1/e-proposal-BE/feature/admin/subtype/usecase/logic.go:47.9,47.90 1 1
github.com/ALTA-CAPSTONE-GROUP1/e-proposal-BE/feature/admin/subtype/usecase/logic.go:47.90,49.4 1 1
github.com/ALTA-CAPSTONE-GROUP1/e-proposal-BE/feature/admin/subtype/usecase/logic.go:49.9,49.86 1 1
github.com/ALTA-CAPSTONE-GROUP1/e-proposal-BE/feature/admin/subtype/usecase/logic.go:49.86,51.4 1 1
github.com/ALTA-CAPSTONE-GROUP1/e-proposal-BE/feature/admin/subtype/usecase/logic.go:51.9,51.75 1 1
github.com/ALTA-CAPSTONE-GROUP1/e-proposal-BE/feature/admin/subtype/usecase/logic.go:51.75,53.4 1 1
github.com/ALTA-CAPSTONE-GROUP1/e-proposal-BE/feature/admin/subtype/usecase/logic.go:53.9,55.4 1 1
github.com/ALTA-CAPSTONE-GROUP1/e-proposal-BE/feature/admin/subtype/usecase/logic.go:61.145,62.16 1 1
github.com/ALTA-CAPSTONE-GROUP1/e-proposal-BE/feature/admin/subtype/usecase/logic.go:67.2,68.16 2 1
github.com/ALTA-CAPSTONE-GROUP1/e-proposal-BE/feature/admin/subtype/usecase/logic.go:86.2,86.39 1 1
github.com/ALTA-CAPSTONE-GROUP1/e-proposal-BE/feature/admin/subtype/usecase/logic.go:62.16,65.3 2 1
github.com/ALTA-CAPSTONE-GROUP1/e-proposal-BE/feature/admin/subtype/usecase/logic.go:68.16,69.61 1 1
github.com/ALTA-CAPSTONE-GROUP1/e-proposal-BE/feature/admin/subtype/usecase/logic.go:73.3,73.60 1 1
github.com/ALTA-CAPSTONE-GROUP1/e-proposal-BE/feature/admin/subtype/usecase/logic.go:77.3,77.62 1 1
github.com/ALTA-CAPSTONE-GROUP1/e-proposal-BE/feature/admin/subtype/usecase/logic.go:82.3,83.95 2 1
github.com/ALTA-CAPSTONE-GROUP1/e-proposal-BE/feature/admin/subtype/usecase/logic.go:69.61,72.4 2 1
github.com/ALTA-CAPSTONE-GROUP1/e-proposal-BE/feature/admin/subtype/usecase/logic.go:73.60,76.4 2 1
github.com/ALTA-CAPSTONE-GROUP1/e-proposal-BE/feature/admin/subtype/usecase/logic.go:77.62,80.4 2 1
github.com/ALTA-CAPSTONE-GROUP1/e-proposal-BE/feature/admin/subtype/usecase/logic.go:89.71,90.58 1 1
github.com/ALTA-CAPSTONE-GROUP1/e-proposal-BE/feature/admin/subtype/usecase/logic.go:103.2,103.12 1 1
github.com/ALTA-CAPSTONE-GROUP1/e-proposal-BE/feature/admin/subtype/usecase/logic.go:90.58,92.49 2 1
github.com/ALTA-CAPSTONE-GROUP1/e-proposal-BE/feature/admin/subtype/usecase/logic.go:92.49,94.4 1 1
github.com/ALTA-CAPSTONE-GROUP1/e-proposal-BE/feature/admin/subtype/usecase/logic.go:94.9,94.84 1 1
github.com/ALTA-CAPSTONE-GROUP1/e-proposal-BE/feature/admin/subtype/usecase/logic.go:94.84,96.4 1 1
github.com/ALTA-CAPSTONE-GROUP1/e-proposal-BE/feature/admin/subtype/usecase/logic.go:96.9,96.79 1 1
github.com/ALTA-CAPSTONE-GROUP1/e-proposal-BE/feature/admin/subtype/usecase/logic.go:96.79,98.4 1 1
github.com/ALTA-CAPSTONE-GROUP1/e-proposal-BE/feature/admin/subtype/usecase/logic.go:98.9,101.4 2 1
github.com/ALTA-CAPSTONE-GROUP1/e-proposal-BE/feature/admin/office/usecase/logic.go:15.47,19.2 1 1
github.com/ALTA-CAPSTONE-GROUP1/e-proposal-BE/feature/admin/office/usecase/logic.go:22.57,24.16 2 1
github.com/ALTA-CAPSTONE-GROUP1/e-proposal-BE/feature/admin/office/usecase/logic.go:36.2,36.12 1 1
github.com/ALTA-CAPSTONE-GROUP1/e-proposal-BE/feature/admin/office/usecase/logic.go:24.16,26.54 2 1
github.com/ALTA-CAPSTONE-GROUP1/e-proposal-BE/feature/admin/office/usecase/logic.go:33.3,34.13 2 1
github.com/ALTA-CAPSTONE-GROUP1/e-proposal-BE/feature/admin/office/usecase/logic.go:26.54,29.4 2 1
github.com/ALTA-CAPSTONE-GROUP1/e-proposal-BE/feature/admin/office/usecase/logic.go:29.9,29.60 1 1
github.com/ALTA-CAPSTONE-GROUP1/e-proposal-BE/feature/admin/office/usecase/logic.go:29.60,32.4 2 1
github.com/ALTA-CAPSTONE-GROUP1/e-proposal-BE/feature/admin/office/usecase/logic.go:40.103,42.16 2 1
github.com/ALTA-CAPSTONE-GROUP1/e-proposal-BE/feature/admin/office/usecase/logic.go:47.2,47.20 1 1
github.com/ALTA-CAPSTONE-GROUP1/e-proposal-BE/feature/admin/office/usecase/logic.go:42.16,45.3 2 1
github.com/ALTA-CAPSTONE-GROUP1/e-proposal-BE/feature/admin/office/usecase/logic.go:51.68,52.54 1 1
github.com/ALTA-CAPSTONE-GROUP1/e-proposal-BE/feature/admin/office/usecase/logic.go:62.2,62.12 1 1
github.com/ALTA-CAPSTONE-GROUP1/e-proposal-BE/feature/admin/office/usecase/logic.go:52.54,53.46 1 1
github.com/ALTA-CAPSTONE-GROUP1/e-proposal-BE/feature/admin/office/usecase/logic.go:53.46,56.4 2 1
github.com/ALTA-CAPSTONE-GROUP1/e-proposal-BE/feature/admin/office/usecase/logic.go:56.9,59.4 2 1
github.com/ALTA-CAPSTONE-GROUP1/e-proposal-BE/feature/auth/usecase/logic.go:15.42,19.2 1 1
github.com/ALTA-CAPSTONE-GROUP1/e-proposal-BE/feature/auth/usecase/logic.go:22.80,24.16 2 1
github.com/ALTA-CAPSTONE-GROUP1/e-proposal-BE/feature/auth/usecase/logic.go:38.2,38.17 1 1
github.com/ALTA-CAPSTONE-GROUP1/e-proposal-BE/feature/auth/usecase/logic.go:24.16,26.49 1 1
github.com/ALTA-CAPSTONE-GROUP1/e-proposal-BE/feature/auth/usecase/logic.go:33.3,34.58 2 1
github.com/ALTA-CAPSTONE-GROUP1/e-proposal-BE/feature/auth/usecase/logic.go:26.49,29.4 1 1
github.com/ALTA-CAPSTONE-GROUP1/e-proposal-BE/feature/auth/usecase/logic.go:29.9,29.52 1 1
github.com/ALTA-CAPSTONE-GROUP1/e-proposal-BE/feature/auth/usecase/logic.go:29.52,32.4 1 1
github.com/ALTA-CAPSTONE-GROUP1/e-proposal-BE/feature/auth/usecase/logic.go:41.81,43.16 2 1
github.com/ALTA-CAPSTONE-GROUP1/e-proposal-BE/feature/auth/usecase/logic.go:52.2,52.20 1 1
github.com/ALTA-CAPSTONE-GROUP1/e-proposal-BE/feature/auth/usecase/logic.go:43.16,44.51 1 1
github.com/ALTA-CAPSTONE-GROUP1/e-proposal-BE/feature/auth/usecase/logic.go:48.3,49.65 2 1
github.com/ALTA-CAPSTONE-GROUP1/e-proposal-BE/feature/auth/usecase/logic.go:44.51,46.4 1 1
github.com/ALTA-CAPSTONE-GROUP1/e-proposal-BE/feature/admin/user/usecase/logic.go:15.42,19.2 1 1
github.com/ALTA-CAPSTONE-GROUP1/e-proposal-BE/feature/admin/user/usecase/logic.go:22.50,24.16 2 1
github.com/ALTA-CAPSTONE-GROUP1/e-proposal-BE/feature/admin/user/usecase/logic.go:36.2,36.12 1 1
github.com/ALTA-CAPSTONE-GROUP1/e-proposal-BE/feature/admin/user/usecase/logic.go:24.16,26.52 2 1
github.com/ALTA-CAPSTONE-GROUP1/e-proposal-BE/feature/admin/user/usecase/logic.go:33.3,34.13 2 1
github.com/ALTA-CAPSTONE-GROUP1/e-proposal-BE/feature/admin/user/usecase/logic.go:26.52,29.4 2 1
github.com/ALTA-CAPSTONE-GROUP1/e-proposal-BE/feature/admin/user/usecase/logic.go:29.9,29.60 1 1
github.com/ALTA-CAPSTONE-GROUP1/e-proposal-BE/feature/admin/user/usecase/logic.go:29.60,32.4 2 1
github.com/ALTA-CAPSTONE-GROUP1/e-proposal-BE/feature/admin/user/usecase/logic.go:40.72,41.56 1 1
github.com/ALTA-CAPSTONE-GROUP1/e-proposal-BE/feature/admin/user/usecase/logic.go:52.2,52.12 1 1
github.com/ALTA-CAPSTONE-GROUP1/e-proposal-BE/feature/admin/user/usecase/logic.go:41.56,43.56 2 1
github.com/ALTA-CAPSTONE-GROUP1/e-proposal-BE/feature/admin/user/usecase/logic.go:50.3,50.13 1 1
github.com/ALTA-CAPSTONE-GROUP1/e-proposal-BE/feature/admin/user/usecase/logic.go:43.56,46.4 2 1
github.com/ALTA-CAPSTONE-GROUP1/e-proposal-BE/feature/admin/user/usecase/logic.go:46.9,46.55 1 1
github.com/ALTA-CAPSTONE-GROUP1/e-proposal-BE/feature/admin/user/usecase/logic.go:46.55,49.4 2 1
github.com/ALTA-CAPSTONE-GROUP1/e-proposal-BE/feature/admin/user/usecase/logic.go:56.64,58.16 2 1
github.com/ALTA-CAPSTONE-GROUP1/e-proposal-BE/feature/admin/user/usecase/logic.go:63.2,63.20 1 1
github.com/ALTA-CAPSTONE-GROUP1/e-proposal-BE/feature/admin/user/usecase/logic.go:58.16,61.3 2 1
github.com/ALTA-CAPSTONE-GROUP1/e-proposal-BE/feature/admin/user/usecase/logic.go:67.86,69.16 2 1
github.com/ALTA-CAPSTONE-GROUP1/e-proposal-BE/feature/admin/user/usecase/logic.go:74.2,74.20 1 1
github.com/ALTA-CAPSTONE-GROUP1/e-proposal-BE/feature/admin/user/usecase/logic.go:69.16,72.3 2 1
github.com/ALTA-CAPSTONE-GROUP1/e-proposal-BE/feature/admin/user/usecase/logic.go:78.60,79.49 1 1
github.com/ALTA-CAPSTONE-GROUP1/e-proposal-BE/feature/admin/user/usecase/logic.go:90.2,90.12 1 1
github.com/ALTA-CAPSTONE-GROUP1/e-proposal-BE/feature/admin/user/usecase/logic.go:79.49,81.46 2 1
github.com/ALTA-CAPSTONE-GROUP1/e-proposal-BE/feature/admin/user/usecase/logic.go:88.3,88.36 1 1
github.com/ALTA-CAPSTONE-GROUP1/e-proposal-BE/feature/admin/user/usecase/logic.go:81.46,83.4 1 1
github.com/ALTA-CAPSTONE-GROUP1/e-proposal-BE/feature/admin/user/usecase/logic.go:83.9,83.52 1 1
github.com/ALTA-CAPSTONE-GROUP1/e-proposal-BE/feature/admin/user/usecase/logic.go:83.52,85.4 1 1
github.com/ALTA-CAPSTONE-GROUP1/e-proposal-BE/feature/admin/user/usecase/logic.go:85.9,85.56 1 1
github.com/ALTA-CAPSTONE-GROUP1/e-proposal-BE/feature/admin/user/usecase/logic.go:85.56,87.4 1 1
github.com/ALTA-CAPSTONE-GROUP1/e-proposal-BE/feature/admin/approve/usecase/logic.go:15.48,19.2 1 1
github.com/ALTA-CAPSTONE-GROUP1/e-proposal-BE/feature/admin/approve/usecase/logic.go:22.131,24.16 2 1
github.com/ALTA-CAPSTONE-GROUP1/e-proposal-BE/feature/admin/approve/usecase/logic.go:29.2,29.20 1 1
github.com/ALTA-CAPSTONE-GROUP1/e-proposal-BE/feature/admin/approve/usecase/logic.go:24.16,27.3 2 1
github.com/ALTA-CAPSTONE-GROUP1/e-proposal-BE/feature/admin/approve/usecase/logic.go:34.95,35.72 1 1
github.com/ALTA-CAPSTONE-GROUP1/e-proposal-BE/feature/admin/approve/usecase/logic.go:46.2,46.12 1 1
github.com/ALTA-CAPSTONE-GROUP1/e-proposal-BE/feature/admin/approve/usecase/logic.go:35.72,37.56 2 1
github.com/ALTA-CAPSTONE-GROUP1/e-proposal-BE/feature/admin/approve/usecase/logic.go:44.3,44.13 1 1
github.com/ALTA-CAPSTONE-GROUP1/e-proposal-BE/feature/admin/approve/usecase/logic.go:37.56,40.4 2 1
github.com/ALTA-CAPSTONE-GROUP1/e-proposal-BE/feature/admin/approve/usecase/logic.go:40.9,40.55 1 1
github.com/ALTA-CAPSTONE-GROUP1/e-proposal-BE/feature/admin/approve/usecase/logic.go:40.55,43.4 2 1
github.com/ALTA-CAPSTONE-GROUP1/e-proposal-BE/feature/user/approve/usecase/logic.go:15.48,19.2 1 1
github.com/ALTA-CAPSTONE-GROUP1/e-proposal-BE/feature/user/approve/usecase/logic.go:22.95,23.68 1 1
github.com/ALTA-CAPSTONE-GROUP1/e-proposal-BE/feature/user/approve/usecase/logic.go:34.2,34.12 1 1
github.com/ALTA-CAPSTONE-GROUP1/e-proposal-BE/feature/user/approve/usecase/logic.go:23.68,25.56 2 1
github.com/ALTA-CAPSTONE-GROUP1/e-proposal-BE/feature/user/approve/usecase/logic.go:32.3,32.13 1 1
github.com/ALTA-CAPSTONE-GROUP1/e-proposal-BE/feature/user/approve/usecase/logic.go:25.56,28.4 2 1
github.com/ALTA-CAPSTONE-GROUP1/e-proposal-BE/feature/user/approve/usecase/logic.go:28.9,28.55 1 1
github.com/ALTA-CAPSTONE-GROUP1/e-proposal-BE/feature/user/approve/usecase/logic.go:28.55,31.4 2 1
github.com/ALTA-CAPSTONE-GROUP1/e-proposal-BE/feature/user/approve/usecase/logic.go:38.89,40.16 2 1
github.com/ALTA-CAPSTONE-GROUP1/e-proposal-BE/feature/user/approve/usecase/logic.go:45.2,45.20 1 1
github.com/ALTA-CAPSTONE-GROUP1/e-proposal-BE/feature/user/approve/usecase/logic.go:40.16,43.3 2 1
github.com/ALTA-CAPSTONE-GROUP1/e-proposal-BE/feature/user/approve/usecase/logic.go:49.120,51.16 2 1
github.com/ALTA-CAPSTONE-GROUP1/e-proposal-BE/feature/user/approve/usecase/logic.go:56.2,56.20 1 1
github.com/ALTA-CAPSTONE-GROUP1/e-proposal-BE/feature/user/approve/usecase/logic.go:51.16,54.3 2 1
github.com/ALTA-CAPSTONE-GROUP1/e-proposal-BE/feature/submission/usecase/logic.go:19.81,24.2 1 1
github.com/ALTA-CAPSTONE-GROUP1/e-proposal-BE/feature/submission/usecase/logic.go:26.117,28.16 2 1
github.com/ALTA-CAPSTONE-GROUP1/e-proposal-BE/feature/submission/usecase/logic.go:38.2,38.20 1 1
github.com/ALTA-CAPSTONE-GROUP1/e-proposal-BE/feature/submission/usecase/logic.go:28.16,29.56 1 1
github.com/ALTA-CAPSTONE-GROUP1/e-proposal-BE/feature/submission/usecase/logic.go:29.56,31.4 1 1
github.com/ALTA-CAPSTONE-GROUP1/e-proposal-BE/feature/submission/usecase/logic.go:31.9,31.53 1 1
github.com/ALTA-CAPSTONE-GROUP1/e-proposal-BE/feature/submission/usecase/logic.go:31.53,33.4 1 1
github.com/ALTA-CAPSTONE-GROUP1/e-proposal-BE/feature/submission/usecase/logic.go:33.9,35.4 1 1
github.com/ALTA-CAPSTONE-GROUP1/e-proposal-BE/feature/submission/usecase/logic.go:41.121,43.17 2 1
github.com/ALTA-CAPSTONE-GROUP1/e-proposal-BE/feature/submission/usecase/logic.go:47.3,50.55 3 1
github.com/ALTA-CAPSTONE-GROUP1/e-proposal-BE/feature/submission/usecase/logic.go:61.2,61.12 1 1
github.com/ALTA-CAPSTONE-GROUP1/e-proposal-BE/feature/submission/usecase/logic.go:43.17,46.4 2 1
github.com/ALTA-CAPSTONE-GROUP1/e-proposal-BE/feature/submission/usecase/logic.go:50.55,52.56 2 1
github.com/ALTA-CAPSTONE-GROUP1/e-proposal-BE/feature/submission/usecase/logic.go:55.3,55.46 1 1
github.com/ALTA-CAPSTONE-GROUP1/e-proposal-BE/feature/submission/usecase/logic.go:58.3,58.58 1 1
github.com/ALTA-CAPSTONE-GROUP1/e-proposal-BE/feature/submission/usecase/logic.go:52.56,54.4 1 1
github.com/ALTA-CAPSTONE-GROUP1/e-proposal-BE/feature/submission/usecase/logic.go:55.46,57.4 1 1
github.com/ALTA-CAPSTONE-GROUP1/e-proposal-BE/feature/submission/usecase/logic.go:64.122,68.11 2 1
github.com/ALTA-CAPSTONE-GROUP1/e-proposal-BE/feature/submission/usecase/logic.go:72.2,73.16 2 1
github.com/ALTA-CAPSTONE-GROUP1/e-proposal-BE/feature/submission/usecase/logic.go:77.2,77.24 1 1
github.com/ALTA-CAPSTONE-GROUP1/e-proposal-BE/feature/submission/usecase/logic.go:81.2,82.16 2 1
github.com/ALTA-CAPSTONE-GROUP1/e-proposal-BE/feature/submission/usecase/logic.go:96.2,96.12 1 1
github.com/ALTA-CAPSTONE-GROUP1/e-proposal-BE/feature/submission/usecase/logic.go:68.11,70.3 1 1
github.com/ALTA-CAPSTONE-GROUP1/e-proposal-BE/feature/submission/usecase/logic.go:73.16,76.3 2 1
github.com/ALTA-CAPSTONE-GROUP1/e-proposal-BE/feature/submission/usecase/logic.go:77.24,80.3 2 1
github.com/ALTA-CAPSTONE-GROUP1/e-proposal-BE/feature/submission/usecase/logic.go:82.16,83.65 1 1
github.com/ALTA-CAPSTONE-GROUP1/e-proposal-BE/feature/submission/usecase/logic.go:86.3,86.50 1 1
github.com/ALTA-CAPSTONE-GROUP1/e-proposal-BE/feature/submission/usecase/logic.go:89.3,89.46 1 1
github.com/ALTA-CAPSTONE-GROUP1/e-proposal-BE/feature/submission/usecase/logic.go:92.3,93.54 2 1
github.com/ALTA-CAPSTONE-GROUP1/e-proposal-BE/feature/submission/usecase/logic.go:83.65,85.4 1 1
github.com/ALTA-CAPSTONE-GROUP1/e-proposal-BE/feature/submission/usecase/logic.go:86.50,88.4 1 1
github.com/ALTA-CAPSTONE-GROUP1/e-proposal-BE/feature/submission/usecase/logic.go:89.46,91.4 1 1
github.com/ALTA-CAPSTONE-GROUP1/e-proposal-BE/feature/submission/usecase/logic.go:99.167,101.16 2 1
github.com/ALTA-CAPSTONE-GROUP1/e-proposal-BE/feature/submission/usecase/logic.go:112.2,112.37 1 1
github.com/ALTA-CAPSTONE-GROUP1/e-proposal-BE/feature/submission/usecase/logic.go:101.16,103.56 2 1
github.com/ALTA-CAPSTONE-GROUP1/e-proposal-BE/feature/submission/usecase/logic.go:106.3,106.46 1 1
github.com/ALTA-CAPSTONE-GROUP1/e-proposal-BE/feature/submission/usecase/logic.go:109.3,109.123 1 1
github.com/ALTA-CAPSTONE-GROUP1/e-proposal-BE/feature/submission/usecase/logic.go:103.56,105.4 1 1
github.com/ALTA-CAPSTONE-GROUP1/e-proposal-BE/feature/submission/usecase/logic.go:106.46,108.4 1 1
github.com/ALTA-CAPSTONE-GROUP1/e-proposal-BE/feature/submission/usecase/logic.go:115.126,117.16 2 1
github.com/ALTA-CAPSTONE-GROUP1/e-proposal-BE/feature/submission/usecase/logic.go:130.2,130.20 1 1
github.com/ALTA-CAPSTONE-GROUP1/e-proposal-BE/feature/submission/usecase/logic.go:117.16,118.56 1 1
github.com/ALTA-CAPSTONE-GROUP1/e-proposal-BE/feature/submission/usecase/logic.go:122.3,122.46 1 1
github.com/ALTA-CAPSTONE-GROUP1/e-proposal-BE/feature/submission/usecase/logic.go:126.3,127.84 2 1
github.com/ALTA-CAPSTONE-GROUP1/e-proposal-BE/feature/submission/usecase/logic.go:118.56,120.4 1 1
github.com/ALTA-CAPSTONE-GROUP1/e-proposal-BE/feature/submission/usecase/logic.go:122.46,124.4 1 1
github.com/ALTA-CAPSTONE-GROUP1/e-proposal-BE/feature/submission/usecase/logic.go:133.89,134.73 1 1
github.com/ALTA-CAPSTONE-GROUP1/e-proposal-BE/feature/submission/usecase/logic.go:145.2,145.12 1 1
github.com/ALTA-CAPSTONE-GROUP1/e-proposal-BE/feature/submission/usecase/logic.go:134.73,136.49 2 1
github.com/ALTA-CAPSTONE-GROUP1/e-proposal-BE/feature/submission/usecase/logic.go:139.3,139.44 1 1
github.com/ALTA-CAPSTONE-GROUP1/e-proposal-BE/feature/submission/usecase/logic.go:142.3,143.49 2 1
github.com/ALTA-CAPSTONE-GROUP1/e-proposal-BE/feature/submission/usecase/logic.go:136.49,138.4 1 1
github.com/ALTA-CAPSTONE-GROUP1/e-proposal-BE/feature/submission/usecase/logic.go:139.44,141.4 1 1
github.com/ALTA-CAPSTONE-GROUP1/e-proposal-BE/feature/user/cc/usecase/logic.go:14.39,18.2 1 1
github.com/ALTA-CAPSTONE-GROUP1/e-proposal-BE/feature/user/cc/usecase/logic.go:20.70,22.16 2 1
github.com/ALTA-CAPSTONE-GROUP1/e-proposal-BE/feature/user/cc/usecase/logic.go:28.2,28.20 1 1
github.com/ALTA-CAPSTONE-GROUP1/e-proposal-BE/feature/user/cc/usecase/logic.go:22.16,23.46 1 1
github.com/ALTA-CAPSTONE-GROUP1/e-proposal-BE/feature/user/cc/usecase/logic.go:26.3,26.28 1 1
github.com/ALTA-CAPSTONE-GROUP1/e-proposal-BE/feature/user/cc/usecase/logic.go:23.46,25.4 1 1
github.com/ALTA-CAPSTONE-GROUP1/e-proposal-BE/feature/user/profile/usecase/logic.go:15.48,19.2 1 1
github.com/ALTA-CAPSTONE-GROUP1/e-proposal-BE/feature/user/profile/usecase/logic.go:22.75,23.56 1 1
github.com/ALTA-CAPSTONE-GROUP1/e-proposal-BE/feature/user/profile/usecase/logic.go:34.2,34.12 1 1
github.com/ALTA-CAPSTONE-GROUP1/e-proposal-BE/feature/user/profile/usecase/logic.go:23.56,25.56 2 1
github.com/ALTA-CAPSTONE-GROUP1/e-proposal-BE/feature/user/profile/usecase/logic.go:32.3,32.13 1 1
github.com/ALTA-CAPSTONE-GROUP1/e-proposal-BE/feature/user/profile/usecase/logic.go:25.56,28.4 2 1
github.com/ALTA-CAPSTONE-GROUP1/e-proposal-BE/feature/user/profile/usecase/logic.go:28.9,28.55 1 1
github.com/ALTA-CAPSTONE-GROUP1/e-proposal-BE/feature/user/profile/usecase/logic.go:28.55,31.4 2 1
github.com/ALTA-CAPSTONE-GROUP1/e-proposal-BE/feature/user/profile/usecase/logic.go:38.68,40.16 2 1
github.com/ALTA-CAPSTONE-GROUP1/e-proposal-BE/feature/user/profile/usecase/logic.go:45.2,45.20 1 1
github.com/ALTA-CAPSTONE-GROUP1/e-proposal-BE/feature/user/profile/usecase/logic.go:40.16,43.3 2 1
github.com/ALTA-CAPSTONE-GROUP1/e-proposal-BE/feature/admin/position/usecase/logic.go:16.51,20.2 1 1
github.com/ALTA-CAPSTONE-GROUP1/e-proposal-BE/feature/admin/position/usecase/logic.go:22.76,23.58 1 1
github.com/ALTA-CAPSTONE-GROUP1/e-proposal-BE/feature/admin/position/usecase/logic.go:33.2,33.12 1 1
github.com/ALTA-CAPSTONE-GROUP1/e-proposal-BE/feature/admin/position/usecase/logic.go:23.58,24.46 1 1
github.com/ALTA-CAPSTONE-GROUP1/e-proposal-BE/feature/admin/position/usecase/logic.go:24.46,27.4 2 1
github.com/ALTA-CAPSTONE-GROUP1/e-proposal-BE/feature/admin/position/usecase/logic.go:27.9,30.4 2 1
github.com/ALTA-CAPSTONE-GROUP1/e-proposal-BE/feature/admin/position/usecase/logic.go:36.114,39.16 2 1
github.com/ALTA-CAPSTONE-GROUP1/e-proposal-BE/feature/admin/position/usecase/logic.go:44.2,44.30 1 1
github.com/ALTA-CAPSTONE-GROUP1/e-proposal-BE/feature/admin/position/usecase/logic.go:39.16,42.3 2 1
github.com/ALTA-CAPSTONE-GROUP1/e-proposal-BE/feature/admin/position/usecase/logic.go:47.66,48.55 1 1
github.com/ALTA-CAPSTONE-GROUP1/e-proposal-BE/feature/admin/position/usecase/logic.go:63.2,63.12 1 1
github.com/ALTA-CAPSTONE-GROUP1/e-proposal-BE/feature/admin/position/usecase/logic.go:48.55,49.57 1 1
github.com/ALTA-CAPSTONE-GROUP1/e-proposal-BE/feature/admin/position/usecase/logic.go:54.3,54.50 1 1
github.com/ALTA-CAPSTONE-GROUP1/e-proposal-BE/feature/admin/position/usecase/logic.go:59.3,60.13 2 1
github.com/ALTA-CAPSTONE-GROUP1/e-proposal-BE/feature/admin/position/usecase/logic.go:49.57,52.4 2 1
github.com/ALTA-CAPSTONE-GROUP1/e-proposal-BE/feature/admin/position/usecase/logic.go:54.50,57.4 2 1
