mode: set
github.com/ALTA-CAPSTONE-GROUP1/e-proposal-BE/feature/auth/usecase/logic.go:15.42,19.2 1 1
github.com/ALTA-CAPSTONE-GROUP1/e-proposal-BE/feature/auth/usecase/logic.go:22.80,24.16 2 1
github.com/ALTA-CAPSTONE-GROUP1/e-proposal-BE/feature/auth/usecase/logic.go:38.2,38.17 1 1
github.com/ALTA-CAPSTONE-GROUP1/e-proposal-BE/feature/auth/usecase/logic.go:24.16,26.49 1 1
github.com/ALTA-CAPSTONE-GROUP1/e-proposal-BE/feature/auth/usecase/logic.go:33.3,34.58 2 1
github.com/ALTA-CAPSTONE-GROUP1/e-proposal-BE/feature/auth/usecase/logic.go:26.49,29.4 1 1
github.com/ALTA-CAPSTONE-GROUP1/e-proposal-BE/feature/auth/usecase/logic.go:29.9,29.52 1 1
github.com/ALTA-CAPSTONE-GROUP1/e-proposal-BE/feature/auth/usecase/logic.go:29.52,32.4 1 1
github.com/ALTA-CAPSTONE-GROUP1/e-proposal-BE/feature/auth/usecase/logic.go:41.81,43.16 2 1
github.com/ALTA-CAPSTONE-GROUP1/e-proposal-BE/feature/auth/usecase/logic.go:52.2,52.20 1 1
github.com/ALTA-CAPSTONE-GROUP1/e-proposal-BE/feature/auth/usecase/logic.go:43.16,44.51 1 1
github.com/ALTA-CAPSTONE-GROUP1/e-proposal-BE/feature/auth/usecase/logic.go:48.3,49.65 2 1
github.com/ALTA-CAPSTONE-GROUP1/e-proposal-BE/feature/auth/usecase/logic.go:44.51,46.4 1 1
