mode: set
github.com/ALTA-CAPSTONE-GROUP1/e-proposal-BE/feature/admin/position/usecase/logic.go:15.51,19.2 1 1
github.com/ALTA-CAPSTONE-GROUP1/e-proposal-BE/feature/admin/position/usecase/logic.go:21.75,22.58 1 1
github.com/ALTA-CAPSTONE-GROUP1/e-proposal-BE/feature/admin/position/usecase/logic.go:32.2,32.12 1 1
github.com/ALTA-CAPSTONE-GROUP1/e-proposal-BE/feature/admin/position/usecase/logic.go:22.58,23.46 1 1
github.com/ALTA-CAPSTONE-GROUP1/e-proposal-BE/feature/admin/position/usecase/logic.go:23.46,26.4 2 1
github.com/ALTA-CAPSTONE-GROUP1/e-proposal-BE/feature/admin/position/usecase/logic.go:26.9,29.4 2 1
