mode: set
github.com/ALTA-CAPSTONE-GROUP1/e-proposal-BE/feature/admin/position/usecase/logic.go:16.51,20.2 1 1
github.com/ALTA-CAPSTONE-GROUP1/e-proposal-BE/feature/admin/position/usecase/logic.go:22.76,23.58 1 1
github.com/ALTA-CAPSTONE-GROUP1/e-proposal-BE/feature/admin/position/usecase/logic.go:33.2,33.12 1 1
github.com/ALTA-CAPSTONE-GROUP1/e-proposal-BE/feature/admin/position/usecase/logic.go:23.58,24.46 1 1
github.com/ALTA-CAPSTONE-GROUP1/e-proposal-BE/feature/admin/position/usecase/logic.go:24.46,27.4 2 1
github.com/ALTA-CAPSTONE-GROUP1/e-proposal-BE/feature/admin/position/usecase/logic.go:27.9,30.4 2 1
github.com/ALTA-CAPSTONE-GROUP1/e-proposal-BE/feature/admin/position/usecase/logic.go:36.107,39.16 2 1
github.com/ALTA-CAPSTONE-GROUP1/e-proposal-BE/feature/admin/position/usecase/logic.go:44.2,44.23 1 1
github.com/ALTA-CAPSTONE-GROUP1/e-proposal-BE/feature/admin/position/usecase/logic.go:39.16,42.3 2 1
github.com/ALTA-CAPSTONE-GROUP1/e-proposal-BE/feature/admin/position/usecase/logic.go:47.81,48.60 1 1
github.com/ALTA-CAPSTONE-GROUP1/e-proposal-BE/feature/admin/position/usecase/logic.go:63.2,63.12 1 1
github.com/ALTA-CAPSTONE-GROUP1/e-proposal-BE/feature/admin/position/usecase/logic.go:48.60,49.57 1 1
github.com/ALTA-CAPSTONE-GROUP1/e-proposal-BE/feature/admin/position/usecase/logic.go:54.3,54.50 1 1
github.com/ALTA-CAPSTONE-GROUP1/e-proposal-BE/feature/admin/position/usecase/logic.go:59.3,60.13 2 1
github.com/ALTA-CAPSTONE-GROUP1/e-proposal-BE/feature/admin/position/usecase/logic.go:49.57,52.4 2 0
github.com/ALTA-CAPSTONE-GROUP1/e-proposal-BE/feature/admin/position/usecase/logic.go:54.50,57.4 2 1
