mode: set
github.com/ALTA-CAPSTONE-GROUP1/e-proposal-BE/feature/admin/approve/usecase/logic.go:15.48,19.2 1 1
github.com/ALTA-CAPSTONE-GROUP1/e-proposal-BE/feature/admin/approve/usecase/logic.go:22.131,24.16 2 1
github.com/ALTA-CAPSTONE-GROUP1/e-proposal-BE/feature/admin/approve/usecase/logic.go:24.16,27.3 2 0
github.com/ALTA-CAPSTONE-GROUP1/e-proposal-BE/feature/admin/approve/usecase/logic.go:29.2,29.20 1 0
github.com/ALTA-CAPSTONE-GROUP1/e-proposal-BE/feature/admin/approve/usecase/logic.go:34.95,35.72 1 1
github.com/ALTA-CAPSTONE-GROUP1/e-proposal-BE/feature/admin/approve/usecase/logic.go:35.72,37.56 2 0
github.com/ALTA-CAPSTONE-GROUP1/e-proposal-BE/feature/admin/approve/usecase/logic.go:37.56,40.4 2 0
github.com/ALTA-CAPSTONE-GROUP1/e-proposal-BE/feature/admin/approve/usecase/logic.go:40.9,40.55 1 0
github.com/ALTA-CAPSTONE-GROUP1/e-proposal-BE/feature/admin/approve/usecase/logic.go:40.55,43.4 2 0
github.com/ALTA-CAPSTONE-GROUP1/e-proposal-BE/feature/admin/approve/usecase/logic.go:44.3,44.13 1 0
github.com/ALTA-CAPSTONE-GROUP1/e-proposal-BE/feature/admin/approve/usecase/logic.go:46.2,46.12 1 0
