mode: set
github.com/ALTA-CAPSTONE-GROUP1/e-proposal-BE/feature/admin/subtype/usecase/logic.go:16.49,20.2 1 1
github.com/ALTA-CAPSTONE-GROUP1/e-proposal-BE/feature/admin/subtype/usecase/logic.go:22.70,30.59 5 1
github.com/ALTA-CAPSTONE-GROUP1/e-proposal-BE/feature/admin/subtype/usecase/logic.go:40.2,40.57 1 1
github.com/ALTA-CAPSTONE-GROUP1/e-proposal-BE/feature/admin/subtype/usecase/logic.go:58.2,58.12 1 1
github.com/ALTA-CAPSTONE-GROUP1/e-proposal-BE/feature/admin/subtype/usecase/logic.go:30.59,38.3 5 1
github.com/ALTA-CAPSTONE-GROUP1/e-proposal-BE/feature/admin/subtype/usecase/logic.go:40.57,41.66 1 1
github.com/ALTA-CAPSTONE-GROUP1/e-proposal-BE/feature/admin/subtype/usecase/logic.go:41.66,43.4 1 1
github.com/ALTA-CAPSTONE-GROUP1/e-proposal-BE/feature/admin/subtype/usecase/logic.go:43.9,43.72 1 1
github.com/ALTA-CAPSTONE-GROUP1/e-proposal-BE/feature/admin/subtype/usecase/logic.go:43.72,45.4 1 1
github.com/ALTA-CAPSTONE-GROUP1/e-proposal-BE/feature/admin/subtype/usecase/logic.go:45.9,45.95 1 1
github.com/ALTA-CAPSTONE-GROUP1/e-proposal-BE/feature/admin/subtype/usecase/logic.go:45.95,47.4 1 1
github.com/ALTA-CAPSTONE-GROUP1/e-proposal-BE/feature/admin/subtype/usecase/logic.go:47.9,47.90 1 1
github.com/ALTA-CAPSTONE-GROUP1/e-proposal-BE/feature/admin/subtype/usecase/logic.go:47.90,49.4 1 1
github.com/ALTA-CAPSTONE-GROUP1/e-proposal-BE/feature/admin/subtype/usecase/logic.go:49.9,49.86 1 1
github.com/ALTA-CAPSTONE-GROUP1/e-proposal-BE/feature/admin/subtype/usecase/logic.go:49.86,51.4 1 1
github.com/ALTA-CAPSTONE-GROUP1/e-proposal-BE/feature/admin/subtype/usecase/logic.go:51.9,51.75 1 1
github.com/ALTA-CAPSTONE-GROUP1/e-proposal-BE/feature/admin/subtype/usecase/logic.go:51.75,53.4 1 1
github.com/ALTA-CAPSTONE-GROUP1/e-proposal-BE/feature/admin/subtype/usecase/logic.go:53.9,55.4 1 1
github.com/ALTA-CAPSTONE-GROUP1/e-proposal-BE/feature/admin/subtype/usecase/logic.go:61.145,62.16 1 1
github.com/ALTA-CAPSTONE-GROUP1/e-proposal-BE/feature/admin/subtype/usecase/logic.go:67.2,68.16 2 1
github.com/ALTA-CAPSTONE-GROUP1/e-proposal-BE/feature/admin/subtype/usecase/logic.go:86.2,86.39 1 1
github.com/ALTA-CAPSTONE-GROUP1/e-proposal-BE/feature/admin/subtype/usecase/logic.go:62.16,65.3 2 1
github.com/ALTA-CAPSTONE-GROUP1/e-proposal-BE/feature/admin/subtype/usecase/logic.go:68.16,69.61 1 1
github.com/ALTA-CAPSTONE-GROUP1/e-proposal-BE/feature/admin/subtype/usecase/logic.go:73.3,73.60 1 1
github.com/ALTA-CAPSTONE-GROUP1/e-proposal-BE/feature/admin/subtype/usecase/logic.go:77.3,77.62 1 1
github.com/ALTA-CAPSTONE-GROUP1/e-proposal-BE/feature/admin/subtype/usecase/logic.go:82.3,83.95 2 1
github.com/ALTA-CAPSTONE-GROUP1/e-proposal-BE/feature/admin/subtype/usecase/logic.go:69.61,72.4 2 1
github.com/ALTA-CAPSTONE-GROUP1/e-proposal-BE/feature/admin/subtype/usecase/logic.go:73.60,76.4 2 1
github.com/ALTA-CAPSTONE-GROUP1/e-proposal-BE/feature/admin/subtype/usecase/logic.go:77.62,80.4 2 1
github.com/ALTA-CAPSTONE-GROUP1/e-proposal-BE/feature/admin/subtype/usecase/logic.go:89.71,90.58 1 1
github.com/ALTA-CAPSTONE-GROUP1/e-proposal-BE/feature/admin/subtype/usecase/logic.go:103.2,103.12 1 1
github.com/ALTA-CAPSTONE-GROUP1/e-proposal-BE/feature/admin/subtype/usecase/logic.go:90.58,92.49 2 1
github.com/ALTA-CAPSTONE-GROUP1/e-proposal-BE/feature/admin/subtype/usecase/logic.go:92.49,94.4 1 1
github.com/ALTA-CAPSTONE-GROUP1/e-proposal-BE/feature/admin/subtype/usecase/logic.go:94.9,94.84 1 1
github.com/ALTA-CAPSTONE-GROUP1/e-proposal-BE/feature/admin/subtype/usecase/logic.go:94.84,96.4 1 1
github.com/ALTA-CAPSTONE-GROUP1/e-proposal-BE/feature/admin/subtype/usecase/logic.go:96.9,96.79 1 1
github.com/ALTA-CAPSTONE-GROUP1/e-proposal-BE/feature/admin/subtype/usecase/logic.go:96.79,98.4 1 1
github.com/ALTA-CAPSTONE-GROUP1/e-proposal-BE/feature/admin/subtype/usecase/logic.go:98.9,101.4 2 1
