mode: set
github.com/ALTA-CAPSTONE-GROUP1/e-proposal-BE/feature/admin/subtype/usecase/logic.go:14.49,18.2 1 1
github.com/ALTA-CAPSTONE-GROUP1/e-proposal-BE/feature/admin/subtype/usecase/logic.go:20.70,28.59 5 1
github.com/ALTA-CAPSTONE-GROUP1/e-proposal-BE/feature/admin/subtype/usecase/logic.go:38.2,38.57 1 1
github.com/ALTA-CAPSTONE-GROUP1/e-proposal-BE/feature/admin/subtype/usecase/logic.go:56.2,56.12 1 1
github.com/ALTA-CAPSTONE-GROUP1/e-proposal-BE/feature/admin/subtype/usecase/logic.go:28.59,36.3 5 1
github.com/ALTA-CAPSTONE-GROUP1/e-proposal-BE/feature/admin/subtype/usecase/logic.go:38.57,39.66 1 1
github.com/ALTA-CAPSTONE-GROUP1/e-proposal-BE/feature/admin/subtype/usecase/logic.go:39.66,41.4 1 1
github.com/ALTA-CAPSTONE-GROUP1/e-proposal-BE/feature/admin/subtype/usecase/logic.go:41.9,41.72 1 1
github.com/ALTA-CAPSTONE-GROUP1/e-proposal-BE/feature/admin/subtype/usecase/logic.go:41.72,43.4 1 1
github.com/ALTA-CAPSTONE-GROUP1/e-proposal-BE/feature/admin/subtype/usecase/logic.go:43.9,43.95 1 1
github.com/ALTA-CAPSTONE-GROUP1/e-proposal-BE/feature/admin/subtype/usecase/logic.go:43.95,45.4 1 1
github.com/ALTA-CAPSTONE-GROUP1/e-proposal-BE/feature/admin/subtype/usecase/logic.go:45.9,45.90 1 1
github.com/ALTA-CAPSTONE-GROUP1/e-proposal-BE/feature/admin/subtype/usecase/logic.go:45.90,47.4 1 1
github.com/ALTA-CAPSTONE-GROUP1/e-proposal-BE/feature/admin/subtype/usecase/logic.go:47.9,47.86 1 1
github.com/ALTA-CAPSTONE-GROUP1/e-proposal-BE/feature/admin/subtype/usecase/logic.go:47.86,49.4 1 1
github.com/ALTA-CAPSTONE-GROUP1/e-proposal-BE/feature/admin/subtype/usecase/logic.go:49.9,49.75 1 1
github.com/ALTA-CAPSTONE-GROUP1/e-proposal-BE/feature/admin/subtype/usecase/logic.go:49.75,51.4 1 1
github.com/ALTA-CAPSTONE-GROUP1/e-proposal-BE/feature/admin/subtype/usecase/logic.go:51.9,53.4 1 1
