mode: set
github.com/ALTA-CAPSTONE-GROUP1/e-proposal-BE/feature/user/cc/usecase/logic.go:14.39,18.2 1 1
github.com/ALTA-CAPSTONE-GROUP1/e-proposal-BE/feature/user/cc/usecase/logic.go:20.70,22.16 2 1
github.com/ALTA-CAPSTONE-GROUP1/e-proposal-BE/feature/user/cc/usecase/logic.go:28.2,28.20 1 1
github.com/ALTA-CAPSTONE-GROUP1/e-proposal-BE/feature/user/cc/usecase/logic.go:22.16,23.46 1 1
github.com/ALTA-CAPSTONE-GROUP1/e-proposal-BE/feature/user/cc/usecase/logic.go:26.3,26.28 1 1
github.com/ALTA-CAPSTONE-GROUP1/e-proposal-BE/feature/user/cc/usecase/logic.go:23.46,25.4 1 1
